2025-12-01 14:10:22,518 | INFO | Database local (SQLite) đã được khởi tạo.
2025-12-01 14:10:22,518 | INFO | Khởi tạo AppContext thành công.
2025-12-01 14:10:57,511 | INFO | UI: Bắt đầu QUÉT BÀI cho profile=1
2025-12-01 14:10:57,558 | INFO | Vision pipeline: đã crop 13 lá (runtime) cho game_id=mau_binh_siteA profile=1, lưu tại D:\Hoan\TOOL\MB\data\runtime\self_cards\profile_1
2025-12-01 14:10:57,636 | INFO | Assist: dùng template của game_id=mau_binh_siteA, tổng 52 template.
2025-12-01 14:10:57,643 | INFO |   card_01.png -> A♠ | score=0.188, second=0.188
2025-12-01 14:10:57,650 | INFO |   card_02.png -> J♠ | score=-0.002, second=-0.004
2025-12-01 14:10:57,656 | INFO |   card_03.png -> T♠ | score=-0.112, second=-0.117
2025-12-01 14:10:57,663 | INFO |   card_04.png -> A♣ | score=-0.083, second=-0.101
2025-12-01 14:10:57,670 | INFO |   card_05.png -> 9♣ | score=0.089, second=0.085
2025-12-01 14:10:57,676 | INFO |   card_06.png -> 2♠ | score=0.141, second=0.101
2025-12-01 14:10:57,683 | INFO |   card_07.png -> T♠ | score=-0.019, second=-0.038
2025-12-01 14:10:57,690 | INFO |   card_08.png -> 9♣ | score=0.047, second=0.022
2025-12-01 14:10:57,697 | INFO |   card_09.png -> Q♣ | score=0.223, second=0.194
2025-12-01 14:10:57,704 | INFO |   card_10.png -> 2♠ | score=0.125, second=0.124
2025-12-01 14:10:57,710 | INFO |   card_11.png -> J♠ | score=0.178, second=0.162
2025-12-01 14:10:57,717 | INFO |   card_12.png -> A♣ | score=0.113, second=0.109
2025-12-01 14:10:57,723 | INFO |   card_13.png -> Q♣ | score=0.217, second=0.199
2025-12-01 14:10:57,732 | INFO | Assist: đã lưu ảnh debug recognition tại D:\Hoan\TOOL\MB\data\vision_assist_profile1_debug.png
2025-12-01 14:10:57,732 | INFO | UI: 13 lá profile=1: AS JS TS AC 9C 2S TS 9C QC 2S JS AC QC
2025-12-01 14:10:58,314 | INFO | UI: Gợi ý profile=1 | chi1=9C 2S 9C | chi2=JS TS TS 2S JS | chi3=AS AC QC AC QC
2025-12-01 20:07:04,302 | INFO | Database local (SQLite) đã được khởi tạo.
2025-12-01 20:07:04,302 | INFO | Khởi tạo AppContext thành công.
2025-12-01 20:07:28,060 | INFO | UI: Bắt đầu QUÉT BÀI cho profile=1
2025-12-01 20:07:44,681 | INFO | UI: Bắt đầu QUÉT BÀI cho profile=1
2025-12-01 20:08:00,380 | INFO | UI: Bắt đầu QUÉT BÀI cho profile=1
2025-12-01 20:08:00,382 | INFO | UI: Đã gắn cửa sổ cho profile=1: hwnd=7604022, rect=(0, 0, 1280, 720)
2025-12-01 20:08:00,429 | INFO | Vision pipeline: đã crop 13 lá bài cho game_id=mau_binh_siteA profile=1, lưu tại D:\Hoan\TOOL\MB\data\vision_cards\mau_binh_siteA\profile_1
2025-12-01 20:08:00,502 | INFO | Assist: dùng template của game_id=mau_binh_siteA, tổng 52 template.
2025-12-01 20:08:00,509 | INFO |   card_01.png -> K♠ | score=0.010, second=0.004
2025-12-01 20:08:00,515 | INFO |   card_02.png -> K♣ | score=0.147, second=0.143
2025-12-01 20:08:00,522 | INFO |   card_03.png -> K♣ | score=0.131, second=0.112
2025-12-01 20:08:00,530 | INFO |   card_04.png -> K♣ | score=0.109, second=0.105
2025-12-01 20:08:00,537 | INFO |   card_05.png -> A♣ | score=0.070, second=0.058
2025-12-01 20:08:00,545 | INFO |   card_06.png -> A♣ | score=0.026, second=0.025
2025-12-01 20:08:00,551 | INFO |   card_07.png -> Q♠ | score=0.069, second=0.068
2025-12-01 20:08:00,558 | INFO |   card_08.png -> 4♣ | score=0.134, second=0.132
2025-12-01 20:08:00,564 | INFO |   card_09.png -> 9♣ | score=0.164, second=0.138
2025-12-01 20:08:00,570 | INFO |   card_10.png -> A♠ | score=0.100, second=0.098
2025-12-01 20:08:00,577 | INFO |   card_11.png -> A♣ | score=0.030, second=0.015
2025-12-01 20:08:00,583 | INFO |   card_12.png -> A♠ | score=0.100, second=0.098
2025-12-01 20:08:00,589 | INFO |   card_13.png -> A♣ | score=0.063, second=0.047
2025-12-01 20:08:00,592 | INFO | Assist: đã lưu ảnh debug recognition tại D:\Hoan\TOOL\MB\data\vision_assist_profile1_debug.png
2025-12-01 20:08:00,593 | INFO | UI: 13 lá profile=1: KS KC KC KC AC AC QS 4C 9C AS AC AS AC
2025-12-01 20:08:01,128 | INFO | UI: Gợi ý profile=1 | chi1=QS 4C 9C | chi2=KS KC KC AC AC | chi3=KC AS AC AS AC
2025-12-01 20:08:09,590 | INFO | UI: Bắt đầu QUÉT BÀI cho profile=2
2025-12-01 20:10:15,307 | INFO | UI: Bắt đầu QUÉT BÀI cho profile=1
2025-12-01 20:10:15,357 | INFO | Vision pipeline: đã crop 13 lá bài cho game_id=mau_binh_siteA profile=1, lưu tại D:\Hoan\TOOL\MB\data\vision_cards\mau_binh_siteA\profile_1
2025-12-01 20:10:15,385 | INFO | Assist: dùng template của game_id=mau_binh_siteA, tổng 52 template.
2025-12-01 20:10:15,393 | INFO |   card_01.png -> K♠ | score=-0.055, second=-0.056
2025-12-01 20:10:15,399 | INFO |   card_02.png -> A♣ | score=-0.034, second=-0.057
2025-12-01 20:10:15,404 | INFO |   card_03.png -> K♣ | score=0.131, second=0.112
2025-12-01 20:10:15,414 | INFO |   card_04.png -> K♣ | score=0.109, second=0.105
2025-12-01 20:10:15,422 | INFO |   card_05.png -> A♣ | score=0.070, second=0.058
2025-12-01 20:10:15,427 | INFO |   card_06.png -> A♣ | score=0.026, second=0.025
2025-12-01 20:10:15,431 | INFO |   card_07.png -> Q♠ | score=0.069, second=0.068
2025-12-01 20:10:15,437 | INFO |   card_08.png -> 4♣ | score=0.134, second=0.132
2025-12-01 20:10:15,440 | INFO |   card_09.png -> 9♣ | score=0.164, second=0.138
2025-12-01 20:10:15,443 | INFO |   card_10.png -> A♠ | score=0.100, second=0.098
2025-12-01 20:10:15,447 | INFO |   card_11.png -> A♣ | score=0.030, second=0.015
2025-12-01 20:10:15,450 | INFO |   card_12.png -> A♠ | score=0.100, second=0.098
2025-12-01 20:10:15,456 | INFO |   card_13.png -> A♣ | score=0.063, second=0.047
2025-12-01 20:10:15,459 | INFO | Assist: đã lưu ảnh debug recognition tại D:\Hoan\TOOL\MB\data\vision_assist_profile1_debug.png
2025-12-01 20:10:15,460 | INFO | UI: 13 lá profile=1: KS AC KC KC AC AC QS 4C 9C AS AC AS AC
2025-12-01 20:10:15,972 | INFO | UI: Gợi ý profile=1 | chi1=QS 4C 9C | chi2=KS AC KC AC AC | chi3=KC AS AC AS AC
2025-12-01 20:10:21,000 | INFO | UI: Bắt đầu QUÉT BÀI cho profile=1
2025-12-01 20:10:21,034 | INFO | Vision pipeline: đã crop 13 lá bài cho game_id=mau_binh_siteA profile=1, lưu tại D:\Hoan\TOOL\MB\data\vision_cards\mau_binh_siteA\profile_1
2025-12-01 20:10:21,059 | INFO | Assist: dùng template của game_id=mau_binh_siteA, tổng 52 template.
2025-12-01 20:10:21,067 | INFO |   card_01.png -> 2♠ | score=0.015, second=0.013
2025-12-01 20:10:21,073 | INFO |   card_02.png -> T♠ | score=-0.015, second=-0.023
2025-12-01 20:10:21,079 | INFO |   card_03.png -> T♠ | score=-0.027, second=-0.034
2025-12-01 20:10:21,085 | INFO |   card_04.png -> K♠ | score=-0.090, second=-0.102
2025-12-01 20:10:21,091 | INFO |   card_05.png -> 2♠ | score=0.000, second=0.000
2025-12-01 20:10:21,097 | INFO |   card_06.png -> 2♠ | score=0.000, second=0.000
2025-12-01 20:10:21,104 | INFO |   card_07.png -> 2♠ | score=0.000, second=0.000
2025-12-01 20:10:21,110 | INFO |   card_08.png -> Q♠ | score=0.091, second=0.084
2025-12-01 20:10:21,116 | INFO |   card_09.png -> A♣ | score=0.204, second=0.180
2025-12-01 20:10:21,122 | INFO |   card_10.png -> 9♣ | score=0.252, second=0.237
2025-12-01 20:10:21,128 | INFO |   card_11.png -> A♣ | score=0.237, second=0.233
2025-12-01 20:10:21,135 | INFO |   card_12.png -> A♣ | score=0.232, second=0.225
2025-12-01 20:10:21,141 | INFO |   card_13.png -> 9♣ | score=0.176, second=0.167
2025-12-01 20:10:21,144 | INFO | Assist: đã lưu ảnh debug recognition tại D:\Hoan\TOOL\MB\data\vision_assist_profile1_debug.png
2025-12-01 20:10:21,144 | INFO | UI: 13 lá profile=1: 2S TS TS KS 2S 2S 2S QS AC 9C AC AC 9C
2025-12-01 20:10:21,698 | INFO | UI: Gợi ý profile=1 | chi1=QS 9C 9C | chi2=TS TS KS AC AC | chi3=2S 2S 2S 2S AC
2025-12-01 20:10:26,761 | INFO | UI: Bắt đầu QUÉT BÀI cho profile=1
2025-12-01 20:10:26,793 | INFO | Vision pipeline: đã crop 13 lá bài cho game_id=mau_binh_siteA profile=1, lưu tại D:\Hoan\TOOL\MB\data\vision_cards\mau_binh_siteA\profile_1
2025-12-01 20:10:26,818 | INFO | Assist: dùng template của game_id=mau_binh_siteA, tổng 52 template.
2025-12-01 20:10:26,825 | INFO |   card_01.png -> 2♠ | score=0.000, second=0.000
2025-12-01 20:10:26,831 | INFO |   card_02.png -> 2♠ | score=0.235, second=0.225
2025-12-01 20:10:26,838 | INFO |   card_03.png -> A♠ | score=0.023, second=0.010
2025-12-01 20:10:26,844 | INFO |   card_04.png -> 2♠ | score=0.000, second=0.000
2025-12-01 20:10:26,849 | INFO |   card_05.png -> 2♠ | score=0.000, second=0.000
2025-12-01 20:10:26,855 | INFO |   card_06.png -> 2♠ | score=0.000, second=0.000
2025-12-01 20:10:26,859 | INFO |   card_07.png -> 2♠ | score=0.000, second=0.000
2025-12-01 20:10:26,862 | INFO |   card_08.png -> 2♠ | score=0.000, second=0.000
2025-12-01 20:10:26,868 | INFO |   card_09.png -> 2♠ | score=0.000, second=0.000
2025-12-01 20:10:26,874 | INFO |   card_10.png -> 2♠ | score=0.000, second=0.000
2025-12-01 20:10:26,879 | INFO |   card_11.png -> 2♠ | score=0.000, second=0.000
2025-12-01 20:10:26,884 | INFO |   card_12.png -> 2♠ | score=0.000, second=0.000
2025-12-01 20:10:26,890 | INFO |   card_13.png -> 2♠ | score=0.000, second=0.000
2025-12-01 20:10:26,893 | INFO | Assist: đã lưu ảnh debug recognition tại D:\Hoan\TOOL\MB\data\vision_assist_profile1_debug.png
2025-12-01 20:10:26,893 | INFO | UI: 13 lá profile=1: 2S 2S AS 2S 2S 2S 2S 2S 2S 2S 2S 2S 2S
2025-12-01 20:10:27,359 | INFO | UI: Gợi ý profile=1 | chi1=2S 2S 2S | chi2=2S 2S 2S 2S 2S | chi3=AS 2S 2S 2S 2S
2025-12-01 20:10:39,762 | INFO | UI: Bắt đầu XẾP & KÉO cho profile=1, mode=LIVE
2025-12-01 20:10:39,762 | INFO | UI: Dùng bound window profile=1 rect=(0, 0, 1280, 720)
2025-12-01 20:10:39,802 | INFO | Vision pipeline: đã crop 13 lá (runtime) cho game_id=mau_binh_siteA profile=1, lưu tại D:\Hoan\TOOL\MB\data\runtime\self_cards\profile_1
2025-12-01 20:10:39,827 | INFO | Assist: dùng template của game_id=mau_binh_siteA, tổng 52 template.
2025-12-01 20:10:39,830 | INFO |   card_01.png -> 2♠ | score=0.000, second=0.000
2025-12-01 20:10:39,833 | INFO |   card_02.png -> 2♠ | score=0.235, second=0.225
2025-12-01 20:10:39,836 | INFO |   card_03.png -> A♠ | score=0.023, second=0.010
2025-12-01 20:10:39,839 | INFO |   card_04.png -> 2♠ | score=0.000, second=0.000
2025-12-01 20:10:39,842 | INFO |   card_05.png -> 2♠ | score=0.000, second=0.000
2025-12-01 20:10:39,845 | INFO |   card_06.png -> 2♠ | score=0.000, second=0.000
2025-12-01 20:10:39,847 | INFO |   card_07.png -> 2♠ | score=0.000, second=0.000
2025-12-01 20:10:39,850 | INFO |   card_08.png -> 2♠ | score=0.000, second=0.000
2025-12-01 20:10:39,853 | INFO |   card_09.png -> 2♠ | score=0.000, second=0.000
2025-12-01 20:10:39,856 | INFO |   card_10.png -> 2♠ | score=0.000, second=0.000
2025-12-01 20:10:39,859 | INFO |   card_11.png -> 2♠ | score=0.000, second=0.000
2025-12-01 20:10:39,861 | INFO |   card_12.png -> 2♠ | score=0.000, second=0.000
2025-12-01 20:10:39,864 | INFO |   card_13.png -> 2♠ | score=0.000, second=0.000
2025-12-01 20:10:39,867 | INFO | Assist: đã lưu ảnh debug recognition tại D:\Hoan\TOOL\MB\data\vision_assist_profile1_debug.png
2025-12-01 20:10:39,867 | INFO | UI: 13 lá (auto_drag) profile=1: 2S 2S AS 2S 2S 2S 2S 2S 2S 2S 2S 2S 2S
2025-12-01 20:10:40,369 | INFO | UI: Gợi ý (auto_drag) profile=1 | chi1=2S 2S 2S | chi2=2S 2S 2S 2S 2S | chi3=AS 2S 2S 2S 2S
2025-12-01 20:10:40,377 | INFO | DevTools: thuc thi plan 6 buoc cho profile=1 (mode=LIVE).
2025-12-01 20:10:40,377 | INFO | DevTools: ket noi http://127.0.0.1:9221/json
2025-12-01 20:15:58,537 | INFO | UI: Bắt đầu QUÉT BÀI cho profile=1
2025-12-01 20:15:58,566 | INFO | Vision pipeline: đã crop 13 lá bài cho game_id=mau_binh_siteA profile=1, lưu tại D:\Hoan\TOOL\MB\data\vision_cards\mau_binh_siteA\profile_1
2025-12-01 20:15:58,591 | INFO | Assist: dùng template của game_id=mau_binh_siteA, tổng 52 template.
2025-12-01 20:15:58,613 | INFO |   card_01.png -> 7♠ | score=0.039, second=0.031
2025-12-01 20:15:58,621 | INFO |   card_02.png -> K♣ | score=0.002, second=-0.027
2025-12-01 20:15:58,628 | INFO |   card_03.png -> K♣ | score=-0.100, second=-0.123
2025-12-01 20:15:58,635 | INFO |   card_04.png -> Q♠ | score=-0.004, second=-0.009
2025-12-01 20:15:58,641 | INFO |   card_05.png -> A♠ | score=0.143, second=0.112
2025-12-01 20:15:58,649 | INFO |   card_06.png -> K♣ | score=0.005, second=-0.009
2025-12-01 20:15:58,655 | INFO |   card_07.png -> K♣ | score=0.061, second=0.045
2025-12-01 20:15:58,662 | INFO |   card_08.png -> J♠ | score=0.256, second=0.252
2025-12-01 20:15:58,669 | INFO |   card_09.png -> 9♣ | score=0.175, second=0.167
2025-12-01 20:15:58,676 | INFO |   card_10.png -> A♣ | score=0.376, second=0.360
2025-12-01 20:15:58,683 | INFO |   card_11.png -> J♣ | score=0.162, second=0.150
2025-12-01 20:15:58,689 | INFO |   card_12.png -> K♣ | score=0.178, second=0.097
2025-12-01 20:15:58,696 | INFO |   card_13.png -> A♣ | score=0.145, second=0.120
2025-12-01 20:15:58,704 | INFO | Assist: đã lưu ảnh debug recognition tại D:\Hoan\TOOL\MB\data\vision_assist_profile1_debug.png
2025-12-01 20:15:58,704 | INFO | UI: 13 lá profile=1: 7S KC KC QS AS KC KC JS 9C AC JC KC AC
2025-12-01 20:15:59,261 | INFO | UI: Gợi ý profile=1 | chi1=7S QS JS | chi2=KC 9C AC JC AC | chi3=KC AS KC KC KC
2025-12-01 20:33:26,664 | INFO | Database local (SQLite) đã được khởi tạo.
2025-12-01 20:33:26,664 | INFO | Khởi tạo AppContext thành công.
2025-12-01 20:33:28,876 | INFO | UI: Bắt đầu QUÉT BÀI cho profile=1
2025-12-01 20:33:57,615 | INFO | UI: Bắt đầu QUÉT BÀI cho profile=1
2025-12-01 20:33:57,617 | INFO | UI: Đã gắn cửa sổ cho profile=1: hwnd=13767498, rect=(0, 0, 1280, 720)
2025-12-01 20:33:57,650 | INFO | Vision pipeline: đã crop 13 lá bài cho game_id=mau_binh_siteA profile=1, lưu tại D:\Hoan\TOOL\MB\data\vision_cards\mau_binh_siteA\profile_1
2025-12-01 20:33:57,675 | INFO | Assist: dùng template của game_id=mau_binh_siteA, tổng 52 template.
2025-12-01 20:33:57,683 | INFO |   card_01.png -> K♣ | score=0.201, second=0.182
2025-12-01 20:33:57,690 | INFO |   card_02.png -> K♠ | score=-0.038, second=-0.046
2025-12-01 20:33:57,696 | INFO |   card_03.png -> 7♣ | score=0.209, second=0.208
2025-12-01 20:33:57,703 | INFO |   card_04.png -> 7♠ | score=0.150, second=0.148
2025-12-01 20:33:57,709 | INFO |   card_05.png -> K♣ | score=0.065, second=0.059
2025-12-01 20:33:57,716 | INFO |   card_06.png -> K♣ | score=0.025, second=0.022
2025-12-01 20:33:57,722 | INFO |   card_07.png -> K♣ | score=0.036, second=-0.010
2025-12-01 20:33:57,729 | INFO |   card_08.png -> K♣ | score=0.025, second=0.022
2025-12-01 20:33:57,736 | INFO |   card_09.png -> 7♥ | score=0.189, second=0.146
2025-12-01 20:33:57,743 | INFO |   card_10.png -> K♠ | score=0.128, second=0.109
2025-12-01 20:33:57,750 | INFO |   card_11.png -> K♣ | score=0.122, second=0.021
2025-12-01 20:33:57,758 | INFO |   card_12.png -> T♠ | score=-0.023, second=-0.032
2025-12-01 20:33:57,764 | INFO |   card_13.png -> K♣ | score=0.091, second=-0.004
2025-12-01 20:33:57,768 | INFO | Assist: đã lưu ảnh debug recognition tại D:\Hoan\TOOL\MB\data\vision_assist_profile1_debug.png
2025-12-01 20:33:57,769 | INFO | UI: 13 lá profile=1: KC KS 7C 7S KC KC KC KC 7H KS KC TS KC
2025-12-01 20:33:58,274 | INFO | UI: Gợi ý profile=1 | chi1=KC 7C 7S | chi2=KS KC KC KC 7H | chi3=KC KS KC TS KC
2025-12-01 20:34:41,671 | INFO | UI: Bắt đầu QUÉT BÀI cho profile=2
2025-12-01 20:34:43,779 | INFO | UI: Bắt đầu QUÉT BÀI cho profile=1
2025-12-01 20:34:43,803 | INFO | Vision pipeline: đã crop 13 lá bài cho game_id=mau_binh_siteA profile=1, lưu tại D:\Hoan\TOOL\MB\data\vision_cards\mau_binh_siteA\profile_1
2025-12-01 20:34:43,829 | INFO | Assist: dùng template của game_id=mau_binh_siteA, tổng 52 template.
2025-12-01 20:34:43,837 | INFO |   card_01.png -> K♣ | score=0.269, second=0.256
2025-12-01 20:34:43,843 | INFO |   card_02.png -> A♣ | score=-0.024, second=-0.026
2025-12-01 20:34:43,850 | INFO |   card_03.png -> T♣ | score=0.017, second=0.005
2025-12-01 20:34:43,857 | INFO |   card_04.png -> 7♠ | score=0.150, second=0.147
2025-12-01 20:34:43,863 | INFO |   card_05.png -> K♣ | score=0.065, second=0.059
2025-12-01 20:34:43,869 | INFO |   card_06.png -> K♣ | score=0.025, second=0.022
2025-12-01 20:34:43,872 | INFO |   card_07.png -> K♣ | score=0.036, second=-0.010
2025-12-01 20:34:43,875 | INFO |   card_08.png -> K♣ | score=0.025, second=0.022
2025-12-01 20:34:43,883 | INFO |   card_09.png -> 7♥ | score=0.189, second=0.146
2025-12-01 20:34:43,886 | INFO |   card_10.png -> K♠ | score=0.128, second=0.109
2025-12-01 20:34:43,890 | INFO |   card_11.png -> K♣ | score=0.122, second=0.021
2025-12-01 20:34:43,894 | INFO |   card_12.png -> T♠ | score=-0.023, second=-0.032
2025-12-01 20:34:43,897 | INFO |   card_13.png -> K♣ | score=0.091, second=-0.004
2025-12-01 20:34:43,902 | INFO | Assist: đã lưu ảnh debug recognition tại D:\Hoan\TOOL\MB\data\vision_assist_profile1_debug.png
2025-12-01 20:34:43,902 | INFO | UI: 13 lá profile=1: KC AC TC 7S KC KC KC KC 7H KS KC TS KC
2025-12-01 20:34:44,428 | INFO | UI: Gợi ý profile=1 | chi1=TC 7S 7H | chi2=KC KC KC KC TS | chi3=AC KC KS KC KC
2025-12-01 20:34:46,943 | INFO | UI: Bắt đầu QUÉT BÀI cho profile=1
2025-12-01 20:34:46,973 | INFO | Vision pipeline: đã crop 13 lá bài cho game_id=mau_binh_siteA profile=1, lưu tại D:\Hoan\TOOL\MB\data\vision_cards\mau_binh_siteA\profile_1
2025-12-01 20:34:46,998 | INFO | Assist: dùng template của game_id=mau_binh_siteA, tổng 52 template.
2025-12-01 20:34:47,005 | INFO |   card_01.png -> K♣ | score=0.158, second=0.138
2025-12-01 20:34:47,013 | INFO |   card_02.png -> 9♠ | score=0.105, second=0.103
2025-12-01 20:34:47,019 | INFO |   card_03.png -> J♣ | score=0.184, second=0.182
2025-12-01 20:34:47,025 | INFO |   card_04.png -> K♣ | score=0.114, second=0.031
2025-12-01 20:34:47,032 | INFO |   card_05.png -> A♣ | score=-0.012, second=-0.050
2025-12-01 20:34:47,038 | INFO |   card_06.png -> T♠ | score=-0.114, second=-0.128
2025-12-01 20:34:47,045 | INFO |   card_07.png -> 9♣ | score=0.039, second=0.021
2025-12-01 20:34:47,051 | INFO |   card_08.png -> T♠ | score=0.064, second=-0.004
2025-12-01 20:34:47,057 | INFO |   card_09.png -> K♣ | score=0.100, second=0.062
2025-12-01 20:34:47,064 | INFO |   card_10.png -> Q♣ | score=-0.060, second=-0.063
2025-12-01 20:34:47,070 | INFO |   card_11.png -> A♣ | score=0.066, second=0.059
2025-12-01 20:34:47,077 | INFO |   card_12.png -> A♣ | score=0.055, second=0.026
2025-12-01 20:34:47,083 | INFO |   card_13.png -> 9♣ | score=0.294, second=0.291
2025-12-01 20:34:47,086 | INFO | Assist: đã lưu ảnh debug recognition tại D:\Hoan\TOOL\MB\data\vision_assist_profile1_debug.png
2025-12-01 20:34:47,087 | INFO | UI: 13 lá profile=1: KC 9S JC KC AC TS 9C TS KC QC AC AC 9C
2025-12-01 20:34:47,673 | INFO | UI: Gợi ý profile=1 | chi1=KC JC QC | chi2=9S TS 9C TS 9C | chi3=KC AC KC AC AC
2025-12-01 20:34:51,053 | INFO | UI: Bắt đầu QUÉT BÀI cho profile=1
2025-12-01 20:34:51,078 | INFO | Vision pipeline: đã crop 13 lá bài cho game_id=mau_binh_siteA profile=1, lưu tại D:\Hoan\TOOL\MB\data\vision_cards\mau_binh_siteA\profile_1
2025-12-01 20:34:51,103 | INFO | Assist: dùng template của game_id=mau_binh_siteA, tổng 52 template.
2025-12-01 20:34:51,111 | INFO |   card_01.png -> K♠ | score=-0.103, second=-0.106
2025-12-01 20:34:51,118 | INFO |   card_02.png -> J♣ | score=0.235, second=0.227
2025-12-01 20:34:51,124 | INFO |   card_03.png -> J♦ | score=0.227, second=0.213
2025-12-01 20:34:51,131 | INFO |   card_04.png -> 7♠ | score=0.061, second=0.059
2025-12-01 20:34:51,137 | INFO |   card_05.png -> T♠ | score=-0.014, second=-0.014
2025-12-01 20:34:51,143 | INFO |   card_06.png -> 9♣ | score=0.030, second=0.018
2025-12-01 20:34:51,150 | INFO |   card_07.png -> 9♣ | score=0.320, second=0.275
2025-12-01 20:34:51,156 | INFO |   card_08.png -> T♠ | score=0.367, second=0.313
2025-12-01 20:34:51,162 | INFO |   card_09.png -> 7♠ | score=0.231, second=0.231
2025-12-01 20:34:51,169 | INFO |   card_10.png -> A♠ | score=0.054, second=0.054
2025-12-01 20:34:51,176 | INFO |   card_11.png -> 2♠ | score=0.000, second=0.000
2025-12-01 20:34:51,184 | INFO |   card_12.png -> K♠ | score=0.127, second=0.126
2025-12-01 20:34:51,190 | INFO |   card_13.png -> A♣ | score=-0.048, second=-0.055
2025-12-01 20:34:51,194 | INFO | Assist: đã lưu ảnh debug recognition tại D:\Hoan\TOOL\MB\data\vision_assist_profile1_debug.png
2025-12-01 20:34:51,194 | INFO | UI: 13 lá profile=1: KS JC JD 7S TS 9C 9C TS 7S AS 2S KS AC
2025-12-01 20:34:51,759 | INFO | UI: Gợi ý profile=1 | chi1=7S 7S 2S | chi2=JC JD 9C 9C AC | chi3=KS TS TS AS KS
2025-12-01 20:34:53,131 | INFO | UI: Bắt đầu QUÉT BÀI cho profile=1
2025-12-01 20:34:53,164 | INFO | Vision pipeline: đã crop 13 lá bài cho game_id=mau_binh_siteA profile=1, lưu tại D:\Hoan\TOOL\MB\data\vision_cards\mau_binh_siteA\profile_1
2025-12-01 20:34:53,188 | INFO | Assist: dùng template của game_id=mau_binh_siteA, tổng 52 template.
2025-12-01 20:34:53,195 | INFO |   card_01.png -> K♠ | score=-0.103, second=-0.106
2025-12-01 20:34:53,199 | INFO |   card_02.png -> J♣ | score=0.235, second=0.227
2025-12-01 20:34:53,203 | INFO |   card_03.png -> J♦ | score=0.227, second=0.213
2025-12-01 20:34:53,210 | INFO |   card_04.png -> 7♠ | score=0.061, second=0.059
2025-12-01 20:34:53,217 | INFO |   card_05.png -> T♠ | score=-0.014, second=-0.014
2025-12-01 20:34:53,223 | INFO |   card_06.png -> T♠ | score=0.000, second=-0.025
2025-12-01 20:34:53,230 | INFO |   card_07.png -> 9♣ | score=0.237, second=0.147
2025-12-01 20:34:53,237 | INFO |   card_08.png -> T♠ | score=0.436, second=0.390
2025-12-01 20:34:53,240 | INFO |   card_09.png -> 7♠ | score=0.231, second=0.231
2025-12-01 20:34:53,243 | INFO |   card_10.png -> A♠ | score=0.054, second=0.054
2025-12-01 20:34:53,246 | INFO |   card_11.png -> 2♠ | score=0.000, second=0.000
2025-12-01 20:34:53,249 | INFO |   card_12.png -> K♠ | score=0.127, second=0.126
2025-12-01 20:34:53,253 | INFO |   card_13.png -> A♣ | score=-0.048, second=-0.055
2025-12-01 20:34:53,256 | INFO | Assist: đã lưu ảnh debug recognition tại D:\Hoan\TOOL\MB\data\vision_assist_profile1_debug.png
2025-12-01 20:34:53,256 | INFO | UI: 13 lá profile=1: KS JC JD 7S TS TS 9C TS 7S AS 2S KS AC
2025-12-01 20:34:53,824 | INFO | UI: Gợi ý profile=1 | chi1=JC JD 9C | chi2=KS 7S 7S 2S KS | chi3=TS TS TS AS AC
2025-12-01 20:34:54,399 | INFO | UI: Bắt đầu QUÉT BÀI cho profile=1
2025-12-01 20:34:54,435 | INFO | Vision pipeline: đã crop 13 lá bài cho game_id=mau_binh_siteA profile=1, lưu tại D:\Hoan\TOOL\MB\data\vision_cards\mau_binh_siteA\profile_1
2025-12-01 20:34:54,459 | INFO | Assist: dùng template của game_id=mau_binh_siteA, tổng 52 template.
2025-12-01 20:34:54,468 | INFO |   card_01.png -> K♠ | score=-0.103, second=-0.106
2025-12-01 20:34:54,472 | INFO |   card_02.png -> J♣ | score=0.235, second=0.227
2025-12-01 20:34:54,475 | INFO |   card_03.png -> J♦ | score=0.227, second=0.213
2025-12-01 20:34:54,479 | INFO |   card_04.png -> 7♠ | score=0.061, second=0.059
2025-12-01 20:34:54,482 | INFO |   card_05.png -> T♠ | score=-0.014, second=-0.014
2025-12-01 20:34:54,485 | INFO |   card_06.png -> T♠ | score=0.000, second=-0.025
2025-12-01 20:34:54,489 | INFO |   card_07.png -> 9♣ | score=0.237, second=0.147
2025-12-01 20:34:54,492 | INFO |   card_08.png -> T♠ | score=0.367, second=0.313
2025-12-01 20:34:54,496 | INFO |   card_09.png -> 7♠ | score=0.231, second=0.231
2025-12-01 20:34:54,499 | INFO |   card_10.png -> A♠ | score=0.054, second=0.054
2025-12-01 20:34:54,502 | INFO |   card_11.png -> 2♠ | score=0.000, second=0.000
2025-12-01 20:34:54,505 | INFO |   card_12.png -> K♠ | score=0.127, second=0.126
2025-12-01 20:34:54,508 | INFO |   card_13.png -> A♣ | score=-0.048, second=-0.055
2025-12-01 20:34:54,512 | INFO | Assist: đã lưu ảnh debug recognition tại D:\Hoan\TOOL\MB\data\vision_assist_profile1_debug.png
2025-12-01 20:34:54,512 | INFO | UI: 13 lá profile=1: KS JC JD 7S TS TS 9C TS 7S AS 2S KS AC
2025-12-01 20:34:55,079 | INFO | UI: Gợi ý profile=1 | chi1=JC JD 9C | chi2=KS 7S 7S 2S KS | chi3=TS TS TS AS AC
2025-12-01 20:34:55,629 | INFO | UI: Bắt đầu QUÉT BÀI cho profile=1
2025-12-01 20:34:55,667 | INFO | Vision pipeline: đã crop 13 lá bài cho game_id=mau_binh_siteA profile=1, lưu tại D:\Hoan\TOOL\MB\data\vision_cards\mau_binh_siteA\profile_1
2025-12-01 20:34:55,691 | INFO | Assist: dùng template của game_id=mau_binh_siteA, tổng 52 template.
2025-12-01 20:34:55,698 | INFO |   card_01.png -> K♠ | score=-0.103, second=-0.106
2025-12-01 20:34:55,703 | INFO |   card_02.png -> J♣ | score=0.235, second=0.227
2025-12-01 20:34:55,707 | INFO |   card_03.png -> J♦ | score=0.227, second=0.213
2025-12-01 20:34:55,710 | INFO |   card_04.png -> 7♠ | score=0.061, second=0.059
2025-12-01 20:34:55,714 | INFO |   card_05.png -> T♠ | score=-0.014, second=-0.014
2025-12-01 20:34:55,719 | INFO |   card_06.png -> T♠ | score=0.000, second=-0.025
2025-12-01 20:34:55,722 | INFO |   card_07.png -> 9♣ | score=0.237, second=0.147
2025-12-01 20:34:55,725 | INFO |   card_08.png -> T♠ | score=0.367, second=0.313
2025-12-01 20:34:55,728 | INFO |   card_09.png -> 7♠ | score=0.231, second=0.231
2025-12-01 20:34:55,731 | INFO |   card_10.png -> A♠ | score=0.054, second=0.054
2025-12-01 20:34:55,735 | INFO |   card_11.png -> 2♠ | score=0.000, second=0.000
2025-12-01 20:34:55,738 | INFO |   card_12.png -> K♠ | score=0.127, second=0.126
2025-12-01 20:34:55,741 | INFO |   card_13.png -> A♣ | score=-0.048, second=-0.055
2025-12-01 20:34:55,745 | INFO | Assist: đã lưu ảnh debug recognition tại D:\Hoan\TOOL\MB\data\vision_assist_profile1_debug.png
2025-12-01 20:34:55,745 | INFO | UI: 13 lá profile=1: KS JC JD 7S TS TS 9C TS 7S AS 2S KS AC
2025-12-01 20:34:56,316 | INFO | UI: Gợi ý profile=1 | chi1=JC JD 9C | chi2=KS 7S 7S 2S KS | chi3=TS TS TS AS AC
2025-12-01 20:39:10,736 | INFO | UI: Đã gắn cửa sổ cho profile=1: hwnd=13767498, rect=(0, 0, 1280, 720)
2025-12-01 20:39:12,615 | INFO | UI: Bắt đầu QUÉT BÀI cho profile=1
2025-12-01 20:39:12,651 | INFO | Vision pipeline: đã crop 13 lá bài cho game_id=mau_binh_siteA profile=1, lưu tại D:\Hoan\TOOL\MB\data\vision_cards\mau_binh_siteA\profile_1
2025-12-01 20:39:12,675 | INFO | Assist: dùng template của game_id=mau_binh_siteA, tổng 52 template.
2025-12-01 20:39:12,683 | INFO |   card_01.png -> K♣ | score=0.200, second=0.181
2025-12-01 20:39:12,690 | INFO |   card_02.png -> A♠ | score=-0.011, second=-0.028
2025-12-01 20:39:12,697 | INFO |   card_03.png -> J♣ | score=0.108, second=0.103
2025-12-01 20:39:12,704 | INFO |   card_04.png -> 7♠ | score=0.150, second=0.148
2025-12-01 20:39:12,710 | INFO |   card_05.png -> A♠ | score=-0.010, second=-0.033
2025-12-01 20:39:12,717 | INFO |   card_06.png -> 2♠ | score=0.048, second=0.027
2025-12-01 20:39:12,724 | INFO |   card_07.png -> 9♠ | score=0.140, second=0.138
2025-12-01 20:39:12,730 | INFO |   card_08.png -> 2♠ | score=0.048, second=0.027
2025-12-01 20:39:12,738 | INFO |   card_09.png -> 4♥ | score=0.138, second=0.136
2025-12-01 20:39:12,745 | INFO |   card_10.png -> A♥ | score=0.097, second=0.026
2025-12-01 20:39:12,752 | INFO |   card_11.png -> A♠ | score=0.196, second=0.168
2025-12-01 20:39:12,758 | INFO |   card_12.png -> J♣ | score=0.178, second=0.174
2025-12-01 20:39:12,764 | INFO |   card_13.png -> A♠ | score=0.180, second=0.157
2025-12-01 20:39:12,769 | INFO | Assist: đã lưu ảnh debug recognition tại D:\Hoan\TOOL\MB\data\vision_assist_profile1_debug.png
2025-12-01 20:39:12,769 | INFO | UI: 13 lá profile=1: KC AS JC 7S AS 2S 9S 2S 4H AH AS JC AS
2025-12-01 20:39:13,324 | INFO | UI: Gợi ý profile=1 | chi1=JC 4H JC | chi2=AS 7S 2S 9S 2S | chi3=KC AS AH AS AS
2025-12-01 22:03:29,098 | INFO | Database local (SQLite) đã được khởi tạo.
2025-12-01 22:03:29,098 | INFO | Khởi tạo AppContext thành công.
2025-12-01 22:03:31,138 | INFO | UI: Bắt đầu QUÉT BÀI cho profile=1
2025-12-01 22:03:45,241 | INFO | UI: Bắt đầu QUÉT BÀI cho profile=1
2025-12-01 22:04:10,298 | INFO | UI: Bắt đầu QUÉT BÀI cho profile=1
2025-12-01 22:04:18,735 | INFO | UI: Bắt đầu QUÉT BÀI cho profile=1
2025-12-01 22:04:22,851 | INFO | Database local (SQLite) đã được khởi tạo.
2025-12-01 22:04:22,852 | INFO | Khởi tạo AppContext thành công.
2025-12-01 22:04:25,796 | INFO | UI: Bắt đầu QUÉT BÀI cho profile=1
2025-12-01 22:04:33,186 | INFO | UI: Bắt đầu QUÉT BÀI cho profile=1
2025-12-01 22:04:39,342 | INFO | Database local (SQLite) đã được khởi tạo.
2025-12-01 22:04:39,343 | INFO | Khởi tạo AppContext thành công.
2025-12-01 22:04:43,362 | INFO | UI: Bắt đầu QUÉT BÀI cho profile=1
